<?xml version="1.0" encoding="UTF-8"?>
<robot generator="Robot 7.0 (Python 3.12.2 on win32)" generated="2024-03-18T21:33:24.740582" rpa="false" schemaversion="5">
<suite id="s1" name="firstTest" source="C:\development\robot-framework\demo\src\test\java\robotframework\firstTest.robot">
<test id="s1-t1" name="Should be able to add new customer" line="8">
<kw name="Set Selenium Timeout" owner="SeleniumLibrary">
<arg>5s</arg>
<doc>Sets the timeout that is used by various keywords.</doc>
<status status="PASS" start="2024-03-18T21:33:24.905142" elapsed="0.000997"/>
</kw>
<kw name="Log" owner="BuiltIn">
<msg time="2024-03-18T21:33:24.906139" level="INFO">Starting the Test Case</msg>
<arg>Starting the Test Case</arg>
<doc>Logs the given message with the given level.</doc>
<status status="PASS" start="2024-03-18T21:33:24.906139" elapsed="0.000000"/>
</kw>
<kw name="Open Browser" owner="SeleniumLibrary">
<msg time="2024-03-18T21:33:24.906139" level="INFO">Opening browser 'firefox' to base url 'https://automationplayground.com/crm/'.</msg>
<arg>https://automationplayground.com/crm/</arg>
<arg>firefox</arg>
<doc>Opens a new browser instance to the optional ``url``.</doc>
<status status="PASS" start="2024-03-18T21:33:24.906139" elapsed="5.726826"/>
</kw>
<kw name="Wait Until Page Contains" owner="SeleniumLibrary">
<arg>Customers Are Priority One!</arg>
<doc>Waits until ``text`` appears on the current page.</doc>
<status status="PASS" start="2024-03-18T21:33:30.633962" elapsed="0.022938"/>
</kw>
<kw name="Click Link" owner="SeleniumLibrary">
<msg time="2024-03-18T21:33:30.656900" level="INFO">Clicking link 'Sign In'.</msg>
<arg>Sign In</arg>
<doc>Clicks a link identified by ``locator``.</doc>
<status status="PASS" start="2024-03-18T21:33:30.656900" elapsed="0.387494"/>
</kw>
<kw name="Wait Until Page Contains" owner="SeleniumLibrary">
<arg>Login</arg>
<doc>Waits until ``text`` appears on the current page.</doc>
<status status="PASS" start="2024-03-18T21:33:31.044394" elapsed="0.013964"/>
</kw>
<kw name="Input Text" owner="SeleniumLibrary">
<msg time="2024-03-18T21:33:31.059355" level="INFO">Typing text 'maciej.zach@gmail.com' into text field 'Id=email-id'.</msg>
<arg>Id=email-id</arg>
<arg>maciej.zach@gmail.com</arg>
<doc>Types the given ``text`` into the text field identified by ``locator``.</doc>
<status status="PASS" start="2024-03-18T21:33:31.059355" elapsed="0.022938"/>
</kw>
<kw name="Input Text" owner="SeleniumLibrary">
<msg time="2024-03-18T21:33:31.083290" level="INFO">Typing text '123' into text field 'Id=password'.</msg>
<arg>Id=password</arg>
<arg>123</arg>
<doc>Types the given ``text`` into the text field identified by ``locator``.</doc>
<status status="PASS" start="2024-03-18T21:33:31.082293" elapsed="0.010971"/>
</kw>
<kw name="Click Button" owner="SeleniumLibrary">
<msg time="2024-03-18T21:33:31.093264" level="INFO">Clicking button 'Id=submit-id'.</msg>
<arg>Id=submit-id</arg>
<doc>Clicks the button identified by ``locator``.</doc>
<status status="PASS" start="2024-03-18T21:33:31.093264" elapsed="0.238948"/>
</kw>
<kw name="Wait Until Page Contains" owner="SeleniumLibrary">
<arg>Our Happy Customers</arg>
<doc>Waits until ``text`` appears on the current page.</doc>
<status status="PASS" start="2024-03-18T21:33:31.333210" elapsed="0.000996"/>
</kw>
<kw name="Click Element" owner="SeleniumLibrary">
<msg time="2024-03-18T21:33:31.335204" level="INFO">Clicking element 'Id=new-customer'.</msg>
<arg>Id=new-customer</arg>
<doc>Click the element identified by ``locator``.</doc>
<status status="PASS" start="2024-03-18T21:33:31.335204" elapsed="0.297516"/>
</kw>
<kw name="Input Text" owner="SeleniumLibrary">
<msg time="2024-03-18T21:33:31.633718" level="INFO">Typing text 'maciej.zach@gmail.com' into text field 'Id=EmailAddress'.</msg>
<arg>Id=EmailAddress</arg>
<arg>maciej.zach@gmail.com</arg>
<doc>Types the given ``text`` into the text field identified by ``locator``.</doc>
<status status="PASS" start="2024-03-18T21:33:31.633718" elapsed="0.044878"/>
</kw>
<kw name="Input Text" owner="SeleniumLibrary">
<msg time="2024-03-18T21:33:31.679595" level="INFO">Typing text 'Maciej' into text field 'Id=FirstName'.</msg>
<arg>Id=FirstName</arg>
<arg>Maciej</arg>
<doc>Types the given ``text`` into the text field identified by ``locator``.</doc>
<status status="PASS" start="2024-03-18T21:33:31.679595" elapsed="0.011967"/>
</kw>
<kw name="Input Text" owner="SeleniumLibrary">
<msg time="2024-03-18T21:33:31.692560" level="INFO">Typing text 'Zacharski' into text field 'Id=LastName'.</msg>
<arg>Id=LastName</arg>
<arg>Zacharski</arg>
<doc>Types the given ``text`` into the text field identified by ``locator``.</doc>
<status status="PASS" start="2024-03-18T21:33:31.692560" elapsed="0.012966"/>
</kw>
<kw name="Input Text" owner="SeleniumLibrary">
<msg time="2024-03-18T21:33:31.706522" level="INFO">Typing text 'Warszawa' into text field 'Id=City'.</msg>
<arg>Id=City</arg>
<arg>Warszawa</arg>
<doc>Types the given ``text`` into the text field identified by ``locator``.</doc>
<status status="PASS" start="2024-03-18T21:33:31.706522" elapsed="0.014960"/>
</kw>
<kw name="Select From List By Value" owner="SeleniumLibrary">
<msg time="2024-03-18T21:33:31.722479" level="INFO">Selecting options from selection list 'Id=StateOrRegion' by value CO.</msg>
<arg>Id=StateOrRegion</arg>
<arg>CO</arg>
<doc>Selects options from selection list ``locator`` by ``values``.</doc>
<status status="PASS" start="2024-03-18T21:33:31.722479" elapsed="0.220343"/>
</kw>
<kw name="Select Radio Button" owner="SeleniumLibrary">
<msg time="2024-03-18T21:33:31.943815" level="INFO">Selecting 'male' from radio button 'gender'.</msg>
<arg>gender</arg>
<arg>male</arg>
<doc>Sets the radio button group ``group_name`` to ``value``.</doc>
<status status="PASS" start="2024-03-18T21:33:31.943815" elapsed="0.212012"/>
</kw>
<kw name="Select Checkbox" owner="SeleniumLibrary">
<msg time="2024-03-18T21:33:32.156827" level="INFO">Selecting checkbox 'name=promos-name'.</msg>
<arg>name=promos-name</arg>
<doc>Selects the checkbox identified by ``locator``.</doc>
<status status="PASS" start="2024-03-18T21:33:32.156827" elapsed="0.214377"/>
</kw>
<kw name="Click Button" owner="SeleniumLibrary">
<msg time="2024-03-18T21:33:32.371204" level="INFO">Clicking button 'Submit'.</msg>
<arg>Submit</arg>
<doc>Clicks the button identified by ``locator``.</doc>
<status status="PASS" start="2024-03-18T21:33:32.371204" elapsed="0.208881"/>
</kw>
<kw name="Wait Until Page Contains" owner="SeleniumLibrary">
<arg>Success!</arg>
<doc>Waits until ``text`` appears on the current page.</doc>
<status status="PASS" start="2024-03-18T21:33:32.580085" elapsed="0.012965"/>
</kw>
<kw name="Sleep" owner="BuiltIn">
<msg time="2024-03-18T21:33:35.594213" level="INFO">Slept 3 seconds.</msg>
<arg>3s</arg>
<doc>Pauses the test executed for the given time.</doc>
<status status="PASS" start="2024-03-18T21:33:32.593050" elapsed="3.001163"/>
</kw>
<kw name="Close Browser" owner="SeleniumLibrary">
<doc>Closes the current browser.</doc>
<status status="PASS" start="2024-03-18T21:33:35.594213" elapsed="2.718088"/>
</kw>
<doc>This is basic info about test</doc>
<tag>1006</tag>
<tag>Contacts</tag>
<tag>Smoke</tag>
<status status="PASS" start="2024-03-18T21:33:24.905142" elapsed="13.407159"/>
</test>
<doc>This is some basic info about whole suite</doc>
<status status="PASS" start="2024-03-18T21:33:24.741580" elapsed="13.571719"/>
</suite>
<statistics>
<total>
<stat pass="1" fail="0" skip="0">All Tests</stat>
</total>
<tag>
<stat pass="1" fail="0" skip="0">1006</stat>
<stat pass="1" fail="0" skip="0">Contacts</stat>
<stat pass="1" fail="0" skip="0">Smoke</stat>
</tag>
<suite>
<stat pass="1" fail="0" skip="0" id="s1" name="firstTest">firstTest</stat>
</suite>
</statistics>
<errors>
</errors>
</robot>
