<?xml version="1.0" encoding="UTF-8"?>
<robot generator="Robot 7.0 (Python 3.12.2 on win32)" generated="2024-03-21T16:43:57.997392" rpa="false" schemaversion="5">
<suite id="s1" name="Amazon" source="C:\development\robot-framework\demo\Test\Amazon.robot">
<test id="s1-t1" name="User can search for Products" line="17">
<kw name="Begin web test" owner="Common" type="SETUP">
<kw name="Open Browser" owner="SeleniumLibrary">
<msg time="2024-03-21T16:43:58.211819" level="INFO">Opening browser '= chrome' to base url 'about:blank'.</msg>
<msg time="2024-03-21T16:43:58.212816" level="INFO">Cannot capture screenshot because no browser is open.</msg>
<msg time="2024-03-21T16:43:58.212816" level="FAIL">ValueError: =chrome is not a supported browser.</msg>
<arg>about:blank</arg>
<arg>${BROWSER}</arg>
<doc>Opens a new browser instance to the optional ``url``.</doc>
<status status="FAIL" start="2024-03-21T16:43:58.211819" elapsed="0.002992">ValueError: =chrome is not a supported browser.</status>
</kw>
<status status="FAIL" start="2024-03-21T16:43:58.210822" elapsed="0.003989">ValueError: =chrome is not a supported browser.</status>
</kw>
<kw name="End web test" owner="Common" type="TEARDOWN">
<kw name="Close Browser" owner="SeleniumLibrary">
<doc>Closes the current browser.</doc>
<status status="PASS" start="2024-03-21T16:43:58.215808" elapsed="0.000000"/>
</kw>
<status status="PASS" start="2024-03-21T16:43:58.214811" elapsed="0.000997"/>
</kw>
<doc>Search for Products</doc>
<tag>Smoke</tag>
<status status="FAIL" start="2024-03-21T16:43:58.209824" elapsed="0.005984">Setup failed:
ValueError: =chrome is not a supported browser.</status>
</test>
<doc>This is some basic info about the whole suite</doc>
<status status="FAIL" start="2024-03-21T16:43:57.999388" elapsed="0.217418"/>
</suite>
<statistics>
<total>
<stat pass="0" fail="1" skip="0">All Tests</stat>
</total>
<tag>
<stat pass="0" fail="1" skip="0">Smoke</stat>
</tag>
<suite>
<stat pass="0" fail="1" skip="0" id="s1" name="Amazon">Amazon</stat>
</suite>
</statistics>
<errors>
</errors>
</robot>
