<?xml version="1.0" encoding="UTF-8"?>
<robot generator="Robot 7.0 (Python 3.12.2 on win32)" generated="2024-03-21T12:43:01.270756" rpa="false" schemaversion="5">
<suite id="s1" name="Amazon" source="C:\development\robot-framework\demo\test\Amazon.robot">
<test id="s1-t1" name="User can search for Products" line="13">
<kw name="Begin web test" owner="Common" type="SETUP">
<kw name="Open Browser" owner="SeleniumLibrary">
<msg time="2024-03-21T12:43:01.450305" level="INFO">Opening browser 'chrome' to base url 'about:blank'.</msg>
<arg>about:blank</arg>
<arg>chrome</arg>
<doc>Opens a new browser instance to the optional ``url``.</doc>
<status status="PASS" start="2024-03-21T12:43:01.450305" elapsed="1.249581"/>
</kw>
<status status="PASS" start="2024-03-21T12:43:01.449279" elapsed="1.251603"/>
</kw>
<kw name="Search for products" owner="Amazon">
<kw name="Load" owner="LandingPage">
<kw name="Go To" owner="SeleniumLibrary">
<msg time="2024-03-21T12:43:02.701879" level="INFO">Opening url 'https://www.amazon.com'</msg>
<arg>https://www.amazon.com</arg>
<doc>Navigates the current browser window to the provided ``url``.</doc>
<status status="PASS" start="2024-03-21T12:43:02.701879" elapsed="0.954454"/>
</kw>
<status status="PASS" start="2024-03-21T12:43:02.700882" elapsed="0.955451"/>
</kw>
<kw name="Verify Page Loaded" owner="LandingPage">
<kw name="Wait Until Page Contains" owner="SeleniumLibrary">
<msg time="2024-03-21T12:43:08.761007" level="INFO" html="true">&lt;/td&gt;&lt;/tr&gt;&lt;tr&gt;&lt;td colspan="3"&gt;&lt;a href="selenium-screenshot-3.png"&gt;&lt;img src="selenium-screenshot-3.png" width="800px"&gt;&lt;/a&gt;</msg>
<msg time="2024-03-21T12:43:08.761007" level="FAIL">Text 'Today's Deals' did not appear in 5 seconds.</msg>
<arg>Today's Deals</arg>
<doc>Waits until ``text`` appears on the current page.</doc>
<status status="FAIL" start="2024-03-21T12:43:03.656333" elapsed="5.106637">Text 'Today's Deals' did not appear in 5 seconds.</status>
</kw>
<status status="FAIL" start="2024-03-21T12:43:03.656333" elapsed="5.106637">Text 'Today's Deals' did not appear in 5 seconds.</status>
</kw>
<kw name="Type in search field" owner="TopNav">
<status status="NOT RUN" start="2024-03-21T12:43:08.762970" elapsed="0.000000"/>
</kw>
<kw name="Click search button" owner="TopNav">
<status status="NOT RUN" start="2024-03-21T12:43:08.762970" elapsed="0.000000"/>
</kw>
<status status="FAIL" start="2024-03-21T12:43:02.700882" elapsed="6.062088">Text 'Today's Deals' did not appear in 5 seconds.</status>
</kw>
<kw name="End web test" owner="Common" type="TEARDOWN">
<kw name="Close Browser" owner="SeleniumLibrary">
<doc>Closes the current browser.</doc>
<status status="PASS" start="2024-03-21T12:43:08.763968" elapsed="2.103046"/>
</kw>
<status status="PASS" start="2024-03-21T12:43:08.763968" elapsed="2.103046"/>
</kw>
<doc>Search for Products</doc>
<tag>Smoke</tag>
<status status="FAIL" start="2024-03-21T12:43:01.448311" elapsed="9.419664">Text 'Today's Deals' did not appear in 5 seconds.</status>
</test>
<test id="s1-t2" name="User must sign in to check out" line="19">
<kw name="Begin web test" owner="Common" type="SETUP">
<kw name="Open Browser" owner="SeleniumLibrary">
<msg time="2024-03-21T12:43:10.873992" level="INFO">Opening browser 'chrome' to base url 'about:blank'.</msg>
<arg>about:blank</arg>
<arg>chrome</arg>
<doc>Opens a new browser instance to the optional ``url``.</doc>
<status status="PASS" start="2024-03-21T12:43:10.872994" elapsed="1.253836"/>
</kw>
<status status="PASS" start="2024-03-21T12:43:10.871997" elapsed="1.254833"/>
</kw>
<kw name="Search for products" owner="Amazon">
<kw name="Load" owner="LandingPage">
<kw name="Go To" owner="SeleniumLibrary">
<msg time="2024-03-21T12:43:12.127826" level="INFO">Opening url 'https://www.amazon.com'</msg>
<arg>https://www.amazon.com</arg>
<doc>Navigates the current browser window to the provided ``url``.</doc>
<status status="PASS" start="2024-03-21T12:43:12.127826" elapsed="1.184959"/>
</kw>
<status status="PASS" start="2024-03-21T12:43:12.127826" elapsed="1.184959"/>
</kw>
<kw name="Verify Page Loaded" owner="LandingPage">
<kw name="Wait Until Page Contains" owner="SeleniumLibrary">
<arg>Today's Deals</arg>
<doc>Waits until ``text`` appears on the current page.</doc>
<status status="PASS" start="2024-03-21T12:43:13.312785" elapsed="0.025930"/>
</kw>
<status status="PASS" start="2024-03-21T12:43:13.312785" elapsed="0.025930"/>
</kw>
<kw name="Type in search field" owner="TopNav">
<kw name="Input Text" owner="SeleniumLibrary">
<msg time="2024-03-21T12:43:13.339712" level="INFO">Typing text 'Ferrari 458' into text field 'id=twotabsearchtextbox'.</msg>
<arg>id=twotabsearchtextbox</arg>
<arg>Ferrari 458</arg>
<doc>Types the given ``text`` into the text field identified by ``locator``.</doc>
<status status="PASS" start="2024-03-21T12:43:13.338715" elapsed="0.153589"/>
</kw>
<status status="PASS" start="2024-03-21T12:43:13.338715" elapsed="0.154587"/>
</kw>
<kw name="Click search button" owner="TopNav">
<kw name="Click Button" owner="SeleniumLibrary">
<msg time="2024-03-21T12:43:13.493302" level="INFO">Clicking button 'id=nav-search-submit-button'.</msg>
<arg>id=nav-search-submit-button</arg>
<doc>Clicks the button identified by ``locator``.</doc>
<status status="PASS" start="2024-03-21T12:43:13.493302" elapsed="2.066465"/>
</kw>
<status status="PASS" start="2024-03-21T12:43:13.493302" elapsed="2.066465"/>
</kw>
<status status="PASS" start="2024-03-21T12:43:12.127826" elapsed="3.431941"/>
</kw>
<kw name="Select Product from Search Results" owner="Amazon">
<kw name="Verify Results Page Loaded" owner="ResultsPage">
<kw name="Wait Until Page Contains" owner="SeleniumLibrary">
<arg>Results</arg>
<doc>Waits until ``text`` appears on the current page.</doc>
<status status="PASS" start="2024-03-21T12:43:15.560765" elapsed="0.021941"/>
</kw>
<status status="PASS" start="2024-03-21T12:43:15.560765" elapsed="0.022939"/>
</kw>
<kw name="Click on Product" owner="ResultsPage">
<kw name="Click Element" owner="SeleniumLibrary">
<msg time="2024-03-21T12:43:15.583704" level="INFO">Clicking element 'xpath=//span[contains(text(),'Ferrari 458 Italia')]'.</msg>
<arg>xpath=//span[contains(text(),'Ferrari 458 Italia')]</arg>
<doc>Click the element identified by ``locator``.</doc>
<status status="PASS" start="2024-03-21T12:43:15.583704" elapsed="3.306967"/>
</kw>
<status status="PASS" start="2024-03-21T12:43:15.583704" elapsed="3.306967"/>
</kw>
<kw name="Verify Product Page Loaded" owner="ProductPage">
<kw name="Wait Until Page Contains" owner="SeleniumLibrary">
<arg>Back to results</arg>
<doc>Waits until ``text`` appears on the current page.</doc>
<status status="PASS" start="2024-03-21T12:43:18.891669" elapsed="0.053857"/>
</kw>
<status status="PASS" start="2024-03-21T12:43:18.890671" elapsed="0.054855"/>
</kw>
<status status="PASS" start="2024-03-21T12:43:15.559767" elapsed="3.385759"/>
</kw>
<kw name="Add item to cart" owner="Amazon">
<kw name="Click on Add to Cart button" owner="ProductPage">
<kw name="Click Button" owner="SeleniumLibrary">
<msg time="2024-03-21T12:43:18.946522" level="INFO">Clicking button 'id=add-to-cart-button'.</msg>
<arg>id=add-to-cart-button</arg>
<doc>Clicks the button identified by ``locator``.</doc>
<status status="PASS" start="2024-03-21T12:43:18.946522" elapsed="1.383858"/>
</kw>
<status status="PASS" start="2024-03-21T12:43:18.946522" elapsed="1.384856"/>
</kw>
<kw name="Verify Cart Page Loaded" owner="CartPage">
<kw name="Wait Until Page Contains" owner="SeleniumLibrary">
<arg>Added to Cart</arg>
<doc>Waits until ``text`` appears on the current page.</doc>
<status status="PASS" start="2024-03-21T12:43:20.331378" elapsed="0.030916"/>
</kw>
<status status="PASS" start="2024-03-21T12:43:20.331378" elapsed="0.031914"/>
</kw>
<status status="PASS" start="2024-03-21T12:43:18.946522" elapsed="1.416770"/>
</kw>
<kw name="Begin Checkout" owner="Amazon">
<kw name="Click on Proceed to checkout button" owner="CartPage">
<kw name="Click Element" owner="SeleniumLibrary">
<msg time="2024-03-21T12:43:20.364289" level="INFO">Clicking element 'name=proceedToRetailCheckout'.</msg>
<arg>name=proceedToRetailCheckout</arg>
<doc>Click the element identified by ``locator``.</doc>
<status status="PASS" start="2024-03-21T12:43:20.364289" elapsed="1.001714"/>
</kw>
<status status="PASS" start="2024-03-21T12:43:20.363292" elapsed="1.002711"/>
</kw>
<kw name="Verify Sign In Page Loaded" owner="SignInPage">
<kw name="Wait Until Page Contains" owner="SeleniumLibrary">
<arg>Sign in</arg>
<doc>Waits until ``text`` appears on the current page.</doc>
<status status="PASS" start="2024-03-21T12:43:21.367001" elapsed="0.016953"/>
</kw>
<status status="PASS" start="2024-03-21T12:43:21.367001" elapsed="0.016953"/>
</kw>
<status status="PASS" start="2024-03-21T12:43:20.363292" elapsed="1.020662"/>
</kw>
<kw name="End web test" owner="Common" type="TEARDOWN">
<kw name="Close Browser" owner="SeleniumLibrary">
<doc>Closes the current browser.</doc>
<status status="PASS" start="2024-03-21T12:43:21.384951" elapsed="2.124990"/>
</kw>
<status status="PASS" start="2024-03-21T12:43:21.383954" elapsed="2.126951"/>
</kw>
<doc>Checkout Sign in verification</doc>
<tag>Smoke</tag>
<status status="PASS" start="2024-03-21T12:43:10.870996" elapsed="12.640907"/>
</test>
<doc>This is some basic info about the whole suite</doc>
<status status="FAIL" start="2024-03-21T12:43:01.271754" elapsed="22.244137"/>
</suite>
<statistics>
<total>
<stat pass="1" fail="1" skip="0">All Tests</stat>
</total>
<tag>
<stat pass="1" fail="1" skip="0">Smoke</stat>
</tag>
<suite>
<stat pass="1" fail="1" skip="0" id="s1" name="Amazon">Amazon</stat>
</suite>
</statistics>
<errors>
</errors>
</robot>
