<?xml version="1.0" encoding="UTF-8"?>
<robot generator="Robot 7.0 (Python 3.12.2 on win32)" generated="2024-03-18T21:53:23.024547" rpa="false" schemaversion="5">
<suite id="s1" name="Test" source="C:\development\robot-framework\demo\src\test">
<suite id="s1-s1" name="Java" source="C:\development\robot-framework\demo\src\test\java">
<suite id="s1-s1-s1" name="Robotframework" source="C:\development\robot-framework\demo\src\test\java\robotframework">
<suite id="s1-s1-s1-s1" name="firstTest" source="C:\development\robot-framework\demo\src\test\java\robotframework\firstTest.robot">
<test id="s1-s1-s1-s1-t1" name="Should be able to add new customer" line="9">
<kw name="Set Selenium Timeout" owner="SeleniumLibrary">
<arg>5s</arg>
<doc>Sets the timeout that is used by various keywords.</doc>
<status status="PASS" start="2024-03-18T21:53:23.199109" elapsed="0.000000"/>
</kw>
<kw name="Log" owner="BuiltIn">
<msg time="2024-03-18T21:53:23.199109" level="INFO">Starting the Test Case</msg>
<arg>Starting the Test Case</arg>
<doc>Logs the given message with the given level.</doc>
<status status="PASS" start="2024-03-18T21:53:23.199109" elapsed="0.000000"/>
</kw>
<kw name="Open Browser" owner="SeleniumLibrary">
<msg time="2024-03-18T21:53:23.200079" level="INFO">Opening browser 'firefox' to base url 'https://automationplayground.com/crm/'.</msg>
<arg>https://automationplayground.com/crm/</arg>
<arg>firefox</arg>
<doc>Opens a new browser instance to the optional ``url``.</doc>
<status status="PASS" start="2024-03-18T21:53:23.200079" elapsed="6.600430"/>
</kw>
<kw name="Wait Until Page Contains" owner="SeleniumLibrary">
<arg>Customers Are Priority One!</arg>
<doc>Waits until ``text`` appears on the current page.</doc>
<status status="PASS" start="2024-03-18T21:53:29.800509" elapsed="0.023961"/>
</kw>
<kw name="Click Link" owner="SeleniumLibrary">
<msg time="2024-03-18T21:53:29.824470" level="INFO">Clicking link 'Sign In'.</msg>
<arg>Sign In</arg>
<doc>Clicks a link identified by ``locator``.</doc>
<status status="PASS" start="2024-03-18T21:53:29.824470" elapsed="0.394847"/>
</kw>
<kw name="Wait Until Page Contains" owner="SeleniumLibrary">
<arg>Login</arg>
<doc>Waits until ``text`` appears on the current page.</doc>
<status status="PASS" start="2024-03-18T21:53:30.219317" elapsed="0.017953"/>
</kw>
<kw name="Input Text" owner="SeleniumLibrary">
<msg time="2024-03-18T21:53:30.237270" level="INFO">Typing text 'maciej.zach@gmail.com' into text field 'Id=email-id'.</msg>
<arg>Id=email-id</arg>
<arg>maciej.zach@gmail.com</arg>
<doc>Types the given ``text`` into the text field identified by ``locator``.</doc>
<status status="PASS" start="2024-03-18T21:53:30.237270" elapsed="0.026927"/>
</kw>
<kw name="Input Text" owner="SeleniumLibrary">
<msg time="2024-03-18T21:53:30.265195" level="INFO">Typing text '123' into text field 'Id=password'.</msg>
<arg>Id=password</arg>
<arg>123</arg>
<doc>Types the given ``text`` into the text field identified by ``locator``.</doc>
<status status="PASS" start="2024-03-18T21:53:30.265195" elapsed="0.014959"/>
</kw>
<kw name="Click Button" owner="SeleniumLibrary">
<msg time="2024-03-18T21:53:30.280154" level="INFO">Clicking button 'Id=submit-id'.</msg>
<arg>Id=submit-id</arg>
<doc>Clicks the button identified by ``locator``.</doc>
<status status="PASS" start="2024-03-18T21:53:30.280154" elapsed="0.258570"/>
</kw>
<kw name="Wait Until Page Contains" owner="SeleniumLibrary">
<arg>Our Happy Customers</arg>
<doc>Waits until ``text`` appears on the current page.</doc>
<status status="PASS" start="2024-03-18T21:53:30.538724" elapsed="0.001995"/>
</kw>
<kw name="Click Element" owner="SeleniumLibrary">
<msg time="2024-03-18T21:53:30.541716" level="INFO">Clicking element 'Id=new-customer'.</msg>
<arg>Id=new-customer</arg>
<doc>Click the element identified by ``locator``.</doc>
<status status="PASS" start="2024-03-18T21:53:30.540719" elapsed="0.302611"/>
</kw>
<kw name="Input Text" owner="SeleniumLibrary">
<msg time="2024-03-18T21:53:30.843330" level="INFO">Typing text 'maciej.zach@gmail.com' into text field 'Id=EmailAddress'.</msg>
<arg>Id=EmailAddress</arg>
<arg>maciej.zach@gmail.com</arg>
<doc>Types the given ``text`` into the text field identified by ``locator``.</doc>
<status status="PASS" start="2024-03-18T21:53:30.843330" elapsed="0.044881"/>
</kw>
<kw name="Input Text" owner="SeleniumLibrary">
<msg time="2024-03-18T21:53:30.888211" level="INFO">Typing text 'Maciej' into text field 'Id=FirstName'.</msg>
<arg>Id=FirstName</arg>
<arg>Maciej</arg>
<doc>Types the given ``text`` into the text field identified by ``locator``.</doc>
<status status="PASS" start="2024-03-18T21:53:30.888211" elapsed="0.011968"/>
</kw>
<kw name="Input Text" owner="SeleniumLibrary">
<msg time="2024-03-18T21:53:30.901176" level="INFO">Typing text 'Zacharski' into text field 'Id=LastName'.</msg>
<arg>Id=LastName</arg>
<arg>Zacharski</arg>
<doc>Types the given ``text`` into the text field identified by ``locator``.</doc>
<status status="PASS" start="2024-03-18T21:53:30.900179" elapsed="0.012965"/>
</kw>
<kw name="Input Text" owner="SeleniumLibrary">
<msg time="2024-03-18T21:53:30.914141" level="INFO">Typing text 'Warszawa' into text field 'Id=City'.</msg>
<arg>Id=City</arg>
<arg>Warszawa</arg>
<doc>Types the given ``text`` into the text field identified by ``locator``.</doc>
<status status="PASS" start="2024-03-18T21:53:30.913144" elapsed="0.013963"/>
</kw>
<kw name="Select From List By Value" owner="SeleniumLibrary">
<msg time="2024-03-18T21:53:30.928104" level="INFO">Selecting options from selection list 'Id=StateOrRegion' by value CO.</msg>
<arg>Id=StateOrRegion</arg>
<arg>CO</arg>
<doc>Selects options from selection list ``locator`` by ``values``.</doc>
<status status="PASS" start="2024-03-18T21:53:30.927107" elapsed="0.220027"/>
</kw>
<kw name="Select Radio Button" owner="SeleniumLibrary">
<msg time="2024-03-18T21:53:31.147134" level="INFO">Selecting 'male' from radio button 'gender'.</msg>
<arg>gender</arg>
<arg>male</arg>
<doc>Sets the radio button group ``group_name`` to ``value``.</doc>
<status status="PASS" start="2024-03-18T21:53:31.147134" elapsed="0.212930"/>
</kw>
<kw name="Select Checkbox" owner="SeleniumLibrary">
<msg time="2024-03-18T21:53:31.361035" level="INFO">Selecting checkbox 'name=promos-name'.</msg>
<arg>name=promos-name</arg>
<doc>Selects the checkbox identified by ``locator``.</doc>
<status status="PASS" start="2024-03-18T21:53:31.361035" elapsed="0.222133"/>
</kw>
<kw name="Click Button" owner="SeleniumLibrary">
<msg time="2024-03-18T21:53:31.585124" level="INFO">Clicking button 'Submit'.</msg>
<arg>Submit</arg>
<doc>Clicks the button identified by ``locator``.</doc>
<status status="PASS" start="2024-03-18T21:53:31.584167" elapsed="0.221762"/>
</kw>
<kw name="Wait Until Page Contains" owner="SeleniumLibrary">
<arg>Success!</arg>
<doc>Waits until ``text`` appears on the current page.</doc>
<status status="PASS" start="2024-03-18T21:53:31.805929" elapsed="0.014958"/>
</kw>
<kw name="Sleep" owner="BuiltIn">
<msg time="2024-03-18T21:53:34.821361" level="INFO">Slept 3 seconds.</msg>
<arg>3s</arg>
<doc>Pauses the test executed for the given time.</doc>
<status status="PASS" start="2024-03-18T21:53:31.820887" elapsed="3.000474"/>
</kw>
<kw name="Close Browser" owner="SeleniumLibrary">
<doc>Closes the current browser.</doc>
<status status="PASS" start="2024-03-18T21:53:34.821361" elapsed="2.729786"/>
</kw>
<doc>This is basic info about test</doc>
<tag>1006</tag>
<tag>Contacts</tag>
<tag>Smoke</tag>
<status status="PASS" start="2024-03-18T21:53:23.198084" elapsed="14.355021"/>
</test>
<doc>This is some basic info about whole suite</doc>
<status status="PASS" start="2024-03-18T21:53:23.046520" elapsed="14.510611"/>
</suite>
<status status="PASS" start="2024-03-18T21:53:23.045519" elapsed="14.516565"/>
</suite>
<status status="PASS" start="2024-03-18T21:53:23.043532" elapsed="14.522537"/>
</suite>
<status status="PASS" start="2024-03-18T21:53:23.026542" elapsed="14.542518"/>
</suite>
<statistics>
<total>
<stat pass="1" fail="0" skip="0">All Tests</stat>
</total>
<tag>
<stat pass="1" fail="0" skip="0">1006</stat>
<stat pass="1" fail="0" skip="0">Contacts</stat>
<stat pass="1" fail="0" skip="0">Smoke</stat>
</tag>
<suite>
<stat pass="1" fail="0" skip="0" id="s1" name="Test">Test</stat>
<stat pass="1" fail="0" skip="0" id="s1-s1" name="Java">Test.Java</stat>
<stat pass="1" fail="0" skip="0" id="s1-s1-s1" name="Robotframework">Test.Java.Robotframework</stat>
<stat pass="1" fail="0" skip="0" id="s1-s1-s1-s1" name="firstTest">Test.Java.Robotframework.firstTest</stat>
</suite>
</statistics>
<errors>
</errors>
</robot>
